TN:
SF:src/core/Behavior.ts
FN:11,analyzeBehavior
FNF:1
FNH:1
FNDA:4,analyzeBehavior
DA:11,4
DA:14,4
LF:2
LH:2
BRF:0
BRH:0
end_of_record
TN:
SF:src/core/GuardianJS.ts
FN:19,(anonymous_0)
FN:21,(anonymous_1)
FN:22,(anonymous_2)
FN:29,(anonymous_3)
FNF:4
FNH:4
FNDA:5,(anonymous_0)
FNDA:3,(anonymous_1)
FNDA:3,(anonymous_2)
FNDA:3,(anonymous_3)
DA:2,3
DA:3,3
DA:4,3
DA:18,3
DA:19,5
DA:22,3
DA:23,3
DA:24,3
DA:25,3
DA:30,3
DA:36,3
LF:11
LH:11
BRDA:19,0,0,3
BRDA:31,1,0,3
BRDA:31,1,1,0
BRDA:32,2,0,1
BRDA:32,2,1,2
BRDA:33,3,0,1
BRDA:33,3,1,2
BRDA:38,4,0,3
BRDA:38,4,1,2
BRDA:38,4,2,2
BRF:10
BRH:9
end_of_record
TN:
SF:src/core/TLSFingerprint.ts
FN:6,analyzeTLS
FNF:1
FNH:1
FNDA:5,analyzeTLS
DA:6,4
DA:7,5
DA:8,5
DA:9,4
DA:14,1
LF:5
LH:5
BRDA:11,0,0,4
BRDA:11,0,1,3
BRF:2
BRH:2
end_of_record
TN:
SF:src/core/UserAgent.ts
FN:10,analyzeUA
FNF:1
FNH:1
FNDA:11,analyzeUA
DA:1,4
DA:10,4
DA:11,11
DA:12,11
DA:14,11
DA:16,11
LF:6
LH:6
BRDA:18,0,0,11
BRDA:18,0,1,7
BRDA:19,1,0,11
BRDA:19,1,1,6
BRDA:20,2,0,11
BRDA:20,2,1,10
BRF:6
BRH:6
end_of_record
TN:
SF:src/middleware/express.ts
FN:12,(anonymous_1)
FN:19,(anonymous_2)
FN:28,(anonymous_3)
FN:36,(anonymous_4)
FN:53,(anonymous_5)
FN:91,(anonymous_6)
FN:107,(anonymous_7)
FN:124,(anonymous_8)
FN:137,(anonymous_9)
FN:147,(anonymous_10)
FN:156,(anonymous_11)
FN:165,(anonymous_12)
FN:170,(anonymous_13)
FN:178,(anonymous_14)
FN:191,(anonymous_15)
FN:192,(anonymous_16)
FN:201,(anonymous_17)
FNF:17
FNH:16
FNDA:31,(anonymous_1)
FNDA:5,(anonymous_2)
FNDA:7,(anonymous_3)
FNDA:11,(anonymous_4)
FNDA:11,(anonymous_5)
FNDA:0,(anonymous_6)
FNDA:6,(anonymous_7)
FNDA:1,(anonymous_8)
FNDA:1,(anonymous_9)
FNDA:13,(anonymous_10)
FNDA:9,(anonymous_11)
FNDA:8,(anonymous_12)
FNDA:1,(anonymous_13)
FNDA:2,(anonymous_14)
FNDA:58,(anonymous_15)
FNDA:58,(anonymous_16)
FNDA:7,(anonymous_17)
DA:1,1
DA:2,1
DA:3,1
DA:5,1
DA:6,1
DA:12,1
DA:13,31
DA:20,5
DA:21,5
DA:22,5
DA:29,7
DA:30,7
DA:31,7
DA:36,1
DA:38,11
DA:40,11
DA:41,1
DA:43,10
DA:44,5
DA:46,5
DA:47,5
DA:49,0
DA:53,1
DA:54,11
DA:55,11
DA:56,0
DA:59,11
DA:61,11
DA:62,1
DA:64,10
DA:65,2
DA:68,8
DA:69,1
DA:71,7
DA:72,1
DA:75,6
DA:77,5
DA:82,1
DA:88,1
DA:91,1
DA:92,0
DA:107,1
DA:108,6
DA:109,6
DA:110,3
DA:111,2
DA:113,1
DA:115,5
DA:116,4
DA:118,1
DA:124,1
DA:125,1
DA:126,1
DA:132,0
DA:137,1
DA:138,1
DA:142,1
DA:144,1
DA:145,1
DA:147,1
DA:148,13
DA:149,3
DA:152,10
DA:153,1
DA:156,9
DA:157,9
DA:158,9
DA:159,0
DA:160,0
DA:163,9
DA:165,9
DA:166,8
DA:167,8
DA:170,9
DA:171,1
DA:172,1
DA:173,1
DA:177,9
DA:178,9
DA:179,2
DA:182,0
DA:183,0
DA:184,0
DA:188,9
DA:191,1
DA:192,58
DA:193,58
DA:194,58
DA:195,50
DA:196,50
DA:197,50
DA:198,50
DA:201,8
DA:202,7
DA:203,7
DA:204,7
DA:207,1
DA:208,1
DA:209,1
DA:215,1
DA:216,0
LF:101
LH:91
BRDA:28,0,0,0
BRDA:40,1,0,1
BRDA:40,2,0,11
BRDA:40,2,1,1
BRDA:40,2,2,1
BRDA:43,3,0,5
BRDA:46,4,0,5
BRDA:55,5,0,0
BRDA:61,6,0,1
BRDA:64,7,0,2
BRDA:68,8,0,1
BRDA:71,9,0,1
BRDA:77,10,0,5
BRDA:77,10,1,0
BRDA:110,11,0,2
BRDA:115,12,0,4
BRDA:115,12,1,1
BRDA:147,13,0,0
BRDA:148,14,0,3
BRDA:148,15,0,13
BRDA:148,15,1,12
BRDA:148,15,2,12
BRDA:148,15,3,11
BRDA:148,15,4,10
BRDA:152,16,0,1
BRDA:158,17,0,0
BRDA:194,18,0,50
BRDA:194,19,0,58
BRDA:194,19,1,8
BRDA:215,20,0,0
BRF:30
BRH:24
end_of_record
